###############################
# Paralelizando segundo bucle #
###############################


Número de hilos: 1
Abierta una imagen de n:512, m:512
El tiempo de ejecucion ha sido de 3.750000 segunos

Número de hilos: 2
Abierta una imagen de n:512, m:512
El tiempo de ejecucion ha sido de 2.000000 segunos

Número de hilos: 4
Abierta una imagen de n:512, m:512
El tiempo de ejecucion ha sido de 1.000000 segunos

Número de hilos: 8
Abierta una imagen de n:512, m:512
El tiempo de ejecucion ha sido de 0.750000 segunos

Número de hilos: 16
Abierta una imagen de n:512, m:512
El tiempo de ejecucion ha sido de 0.500000 segunos
##############################
# Paralelizando tercer bucle #
##############################


Número de hilos: 1
Abierta una imagen de n:512, m:512
El tiempo de ejecucion ha sido de 3.750000 segunos

Número de hilos: 2
Abierta una imagen de n:512, m:512
El tiempo de ejecucion ha sido de 2.000000 segunos

Número de hilos: 4
Abierta una imagen de n:512, m:512
El tiempo de ejecucion ha sido de 1.250000 segunos

Número de hilos: 8
Abierta una imagen de n:512, m:512
El tiempo de ejecucion ha sido de 0.750000 segunos

Número de hilos: 16
Abierta una imagen de n:512, m:512
El tiempo de ejecucion ha sido de 0.750000 segunos
##############################
# Paralelizando cuarto bucle #
##############################


Número de hilos: 1
Abierta una imagen de n:512, m:512
El tiempo de ejecucion ha sido de 4.000000 segunos

Número de hilos: 2
Abierta una imagen de n:512, m:512
El tiempo de ejecucion ha sido de 5.000000 segunos

Número de hilos: 4
Abierta una imagen de n:512, m:512
El tiempo de ejecucion ha sido de 7.500000 segunos

Número de hilos: 8
Abierta una imagen de n:512, m:512
El tiempo de ejecucion ha sido de 12.500000 segunos

Número de hilos: 16
Abierta una imagen de n:512, m:512
El tiempo de ejecucion ha sido de 18.250000 segunos
##############################
# Paralelizando quinto bucle #
##############################


Número de hilos: 1
Abierta una imagen de n:512, m:512
El tiempo de ejecucion ha sido de 9.500000 segunos

Número de hilos: 2
Abierta una imagen de n:512, m:512
El tiempo de ejecucion ha sido de 50.500000 segunos

Número de hilos: 4
Abierta una imagen de n:512, m:512
El tiempo de ejecucion ha sido de 119.000000 segunos

slurmstepd-kahan02: error: *** JOB 3447 ON kahan02 CANCELLED AT 2021-10-09T20:34:58 DUE TO TIME LIMIT ***
