This file contains any messages produced by compilers while
running configure, to aid debugging if configure makes a mistake.

configure:544:1: warning: return type defaults to 'int' [-Wimplicit-int]
  544 | main(){return(0);}
      | ^~~~
configure: In function 'is_char_signed':
configure:1077:5: warning: implicit declaration of function 'printf' [-Wimplicit-function-declaration]
 1077 |     printf("Hmm, it seems 'char' is not eight bits wide on your machine.\n");
      |     ^~~~~~
configure:1065:1: note: include '<stdio.h>' or provide a declaration of 'printf'
 1064 | #include "confdefs.h"
  +++ |+#include <stdio.h>
 1065 | 
configure:1077:5: warning: incompatible implicit declaration of built-in function 'printf' [-Wbuiltin-declaration-mismatch]
 1077 |     printf("Hmm, it seems 'char' is not eight bits wide on your machine.\n");
      |     ^~~~~~
configure:1077:5: note: include '<stdio.h>' or provide a declaration of 'printf'
configure: At top level:
configure:1083:1: warning: return type defaults to 'int' [-Wimplicit-int]
 1083 | main() {
      | ^~~~
configure: In function 'main':
configure:1084:3: warning: implicit declaration of function 'exit' [-Wimplicit-function-declaration]
 1084 |   exit(is_char_signed((int) signed_char_check));
      |   ^~~~
configure:1065:1: note: include '<stdlib.h>' or provide a declaration of 'exit'
 1064 | #include "confdefs.h"
  +++ |+#include <stdlib.h>
 1065 | 
configure:1084:3: warning: incompatible implicit declaration of built-in function 'exit' [-Wbuiltin-declaration-mismatch]
 1084 |   exit(is_char_signed((int) signed_char_check));
      |   ^~~~
configure:1084:3: note: include '<stdlib.h>' or provide a declaration of 'exit'
configure: In function 'is_shifting_signed':
configure:1126:3: warning: implicit declaration of function 'printf' [-Wimplicit-function-declaration]
 1126 |   printf("Right shift isn't acting as I expect it to.\n");
      |   ^~~~~~
configure:1106:1: note: include '<stdio.h>' or provide a declaration of 'printf'
 1105 | #include "confdefs.h"
  +++ |+#include <stdio.h>
 1106 | 
configure:1126:3: warning: incompatible implicit declaration of built-in function 'printf' [-Wbuiltin-declaration-mismatch]
 1126 |   printf("Right shift isn't acting as I expect it to.\n");
      |   ^~~~~~
configure:1126:3: note: include '<stdio.h>' or provide a declaration of 'printf'
configure: At top level:
configure:1130:1: warning: return type defaults to 'int' [-Wimplicit-int]
 1130 | main() {
      | ^~~~
configure: In function 'main':
configure:1131:3: warning: implicit declaration of function 'exit' [-Wimplicit-function-declaration]
 1131 |   exit(is_shifting_signed(-0x7F7E80B1L));
      |   ^~~~
configure:1106:1: note: include '<stdlib.h>' or provide a declaration of 'exit'
 1105 | #include "confdefs.h"
  +++ |+#include <stdlib.h>
 1106 | 
configure:1131:3: warning: incompatible implicit declaration of built-in function 'exit' [-Wbuiltin-declaration-mismatch]
 1131 |   exit(is_shifting_signed(-0x7F7E80B1L));
      |   ^~~~
configure:1131:3: note: include '<stdlib.h>' or provide a declaration of 'exit'
configure:1155:1: warning: return type defaults to 'int' [-Wimplicit-int]
 1155 | main() {
      | ^~~~
configure: In function 'main':
configure:1157:5: warning: implicit declaration of function 'exit' [-Wimplicit-function-declaration]
 1157 |     exit(0);
      |     ^~~~
configure:1155:1: note: include '<stdlib.h>' or provide a declaration of 'exit'
 1154 | #include <stdio.h>
  +++ |+#include <stdlib.h>
 1155 | main() {
configure:1157:5: warning: incompatible implicit declaration of built-in function 'exit' [-Wbuiltin-declaration-mismatch]
 1157 |     exit(0);
      |     ^~~~
configure:1157:5: note: include '<stdlib.h>' or provide a declaration of 'exit'
configure:1158:3: warning: incompatible implicit declaration of built-in function 'exit' [-Wbuiltin-declaration-mismatch]
 1158 |   exit(1);
      |   ^~~~
configure:1158:3: note: include '<stdlib.h>' or provide a declaration of 'exit'
